<?xml version="1.0" encoding="UTF-8"?>
<testsuite xmlns:xsi="http://www.w3.org/2001/XMLSchema-instance" xsi:noNamespaceSchemaLocation="https://maven.apache.org/surefire/maven-surefire-plugin/xsd/surefire-test-report-3.0.xsd" version="3.0" name="pageplugin.Step2Test" time="2.197" tests="1" errors="0" skipped="0" failures="0">
  <properties>
[...]
</properties>
  <testcase name="testSendHashToSolana" classname="pageplugin.Step2Test" time="2.181">
    <system-out><![CDATA[⚠️ 未配置SOLANA_PRIVATE_KEY，启用模拟模式
✅ Step2Test PASSED (MOCK MODE)
📄 Mock Transaction: mock-tx-1769166958466
]]></system-out>
  </testcase>
</testsuite>